<?xml version="1.0" encoding="UTF-8"?>
<!-- Generated by org.testng.reporters.JUnitReportReporter -->
<testsuite hostname="SaiKiran" failures="0" tests="1" name="Frames.IFrames" time="34.559" errors="0" timestamp="2025-05-09T13:41:30 IST" skipped="0">
  <testcase classname="Frames.IFrames" name="frames" time="34.559"/>
  <system-out>
    <![CDATA[This is a sample page]]>
  </system-out>
</testsuite> <!-- Frames.IFrames -->
