<?xml version="1.0" encoding="UTF-8"?>
<!-- Generated by org.testng.reporters.JUnitReportReporter -->
<testsuite hostname="SaiKiran" failures="0" tests="1" name="LoginTest.Navigate" time="53.737" errors="0" timestamp="2025-04-16T11:53:16 IST" skipped="0">
  <testcase classname="LoginTest.Navigate" name="forward" time="53.737"/>
  <system-out/>
</testsuite> <!-- LoginTest.Navigate -->
