<?xml version="1.0" encoding="UTF-8"?>
<!-- Generated by org.testng.reporters.JUnitReportReporter -->
<testsuite hostname="SaiKiran" failures="0" tests="1" name="widgets.Slider" time="9.357" errors="0" timestamp="2025-05-06T17:53:10 IST" skipped="0">
  <testcase classname="widgets.Slider" name="sliderTest" time="9.357"/>
  <system-out/>
</testsuite> <!-- widgets.Slider -->
