<?xml version="1.0" encoding="UTF-8"?>
<!-- Generated by org.testng.reporters.JUnitReportReporter -->
<testsuite hostname="SaiKiran" failures="0" tests="1" name="CheckBox.CheckBoxTest" time="11.643" errors="0" timestamp="2025-04-24T11:49:58 IST" skipped="0">
  <testcase classname="CheckBox.CheckBoxTest" name="checkBoxTest3" time="11.643"/>
  <system-out/>
</testsuite> <!-- CheckBox.CheckBoxTest -->
