<?xml version="1.0" encoding="UTF-8"?>
<!-- Generated by org.testng.reporters.JUnitReportReporter -->
<testsuite hostname="SaiKiran" failures="0" tests="2" name="widgets.Dates" time="28.803" errors="0" timestamp="2025-05-09T13:41:30 IST" skipped="0">
  <testcase classname="widgets.Dates" name="dateSelection" time="9.875"/>
  <system-out/>
  <testcase classname="widgets.Dates" name="dateAndTimeSection" time="18.928"/>
  <system-out>
    <![CDATA[Year found and clicked]]>
  </system-out>
</testsuite> <!-- widgets.Dates -->
