<?xml version="1.0" encoding="UTF-8"?>
<!-- Generated by org.testng.reporters.JUnitReportReporter -->
<testsuite hostname="SaiKiran" failures="0" tests="1" name="Frames.IFrames" time="13.303" errors="0" timestamp="2025-04-21T12:23:58 IST" skipped="0">
  <testcase classname="Frames.IFrames" name="frames" time="13.303"/>
  <system-out>
    <![CDATA[This is a sample page]]>
  </system-out>
</testsuite> <!-- Frames.IFrames -->
