<?xml version="1.0" encoding="UTF-8"?>
<!-- Generated by org.testng.reporters.JUnitReportReporter -->
<testsuite hostname="SaiKiran" failures="0" tests="2" name="uploadAndDownload.Upload" time="13.968" errors="0" timestamp="2025-05-05T14:37:10 IST" skipped="0">
  <testcase classname="uploadAndDownload.Upload" name="Upload" time="5.833"/>
  <system-out/>
  <testcase classname="uploadAndDownload.Upload" name="Download" time="8.135"/>
  <system-out/>
</testsuite> <!-- uploadAndDownload.Upload -->
