<?xml version="1.0" encoding="UTF-8"?>
<!-- Generated by org.testng.reporters.JUnitReportReporter -->
<testsuite hostname="SaiKiran" failures="0" tests="1" name="WebTables.WebTableTest" time="26.323" errors="0" timestamp="2025-04-24T01:37:53 IST" skipped="0">
  <testcase classname="WebTables.WebTableTest" name="webTablesTest" time="26.323"/>
  <system-out>
    <![CDATA[Itachi
(//div[@class='rt-tr-group'])[4]//div[@class='rt-td']
Firstname = Itachi, Lastname = Uciha, Salary = 27, Age = Itachi3423@gmail.com]]>
  </system-out>
</testsuite> <!-- WebTables.WebTableTest -->
