<?xml version="1.0" encoding="UTF-8"?>
<!-- Generated by org.testng.reporters.JUnitReportReporter -->
<testsuite hostname="SaiKiran" failures="0" tests="1" name="CheckBox.CheckBoxTest" time="27.119" errors="0" timestamp="2025-05-03T22:13:06 IST" skipped="0">
  <testcase classname="CheckBox.CheckBoxTest" name="test1" time="27.119"/>
  <system-out/>
</testsuite> <!-- CheckBox.CheckBoxTest -->
