<?xml version="1.0" encoding="UTF-8"?>
<!-- Generated by org.testng.reporters.JUnitReportReporter -->
<testsuite hostname="SaiKiran" failures="0" tests="1" name="CheckBox.CheckBoxTest" time="28.536" errors="0" timestamp="2025-05-09T13:35:08 IST" skipped="0">
  <testcase classname="CheckBox.CheckBoxTest" name="test1" time="28.536"/>
  <system-out/>
</testsuite> <!-- CheckBox.CheckBoxTest -->
