<?xml version="1.0" encoding="UTF-8"?>
<!-- Generated by org.testng.reporters.JUnitReportReporter -->
<testsuite hostname="SaiKiran" failures="0" tests="1" name="widgets.ProgressBar" time="32.593" errors="0" timestamp="2025-05-07T13:41:42 IST" skipped="0">
  <testcase classname="widgets.ProgressBar" name="sliderTest" time="32.593"/>
  <system-out/>
</testsuite> <!-- widgets.ProgressBar -->
