<?xml version="1.0" encoding="UTF-8"?>
<!-- Generated by org.testng.reporters.JUnitReportReporter -->
<testsuite hostname="SaiKiran" failures="0" tests="1" name="radioButtons.RadioButtons" time="10.808" errors="0" timestamp="2025-05-05T14:21:34 IST" skipped="0">
  <testcase classname="radioButtons.RadioButtons" name="test1" time="10.808"/>
  <system-out/>
</testsuite> <!-- radioButtons.RadioButtons -->
