<?xml version="1.0" encoding="UTF-8"?>
<!-- Generated by org.testng.reporters.JUnitReportReporter -->
<testsuite hostname="SaiKiran" failures="0" tests="1" name="widgets.Dates" time="29.167" errors="0" timestamp="2025-05-06T02:32:15 IST" skipped="0">
  <testcase classname="widgets.Dates" name="dateAndTimeSection" time="29.167"/>
  <system-out>
    <![CDATA[Year found and clicked]]>
  </system-out>
</testsuite> <!-- widgets.Dates -->
