<?xml version="1.0" encoding="UTF-8"?>
<!-- Generated by org.testng.reporters.JUnitReportReporter -->
<testsuite hostname="SaiKiran" failures="0" tests="1" name="AlertsTesting.AlertAcceptOrCancel" time="25.518" errors="0" timestamp="2025-05-09T13:00:19 IST" skipped="0">
  <testcase classname="AlertsTesting.AlertAcceptOrCancel" name="acceptAlert" time="25.518"/>
  <system-out/>
</testsuite> <!-- AlertsTesting.AlertAcceptOrCancel -->
