<?xml version="1.0" encoding="UTF-8"?>
<!-- Generated by org.testng.reporters.JUnitReportReporter -->
<testsuite hostname="SaiKiran" failures="0" tests="2" name="ReadDataFromExcel.Practice_Forms" time="0.455" errors="0" timestamp="2025-05-11T12:36:57 IST" skipped="0">
  <testcase classname="ReadDataFromExcel.Practice_Forms" name="registerClassTest" time="0.424"/>
  <system-out/>
  <testcase classname="ReadDataFromExcel.Practice_Forms" name="flexibleTest" time="0.031"/>
  <system-out/>
</testsuite> <!-- ReadDataFromExcel.Practice_Forms -->
