<?xml version="1.0" encoding="UTF-8"?>
<!-- Generated by org.testng.reporters.JUnitReportReporter -->
<<<<<<< HEAD
<testsuite hostname="SaiKiran" failures="0" tests="1" name="AlertsTesting.AlertAcceptOrCancel" time="24.388" errors="0" timestamp="2025-04-20T00:33:41 IST" skipped="0">
  <testcase classname="AlertsTesting.AlertAcceptOrCancel" name="acceptAlert" time="24.388"/>
=======
<testsuite hostname="SaiKiran" failures="0" tests="1" name="AlertsTesting.AlertAcceptOrCancel" time="21.590" errors="0" timestamp="2025-05-02T23:02:32 IST" skipped="0">
  <testcase classname="AlertsTesting.AlertAcceptOrCancel" name="acceptAlert" time="21.590"/>
>>>>>>> a78173b (Running TestCase from XML)
  <system-out/>
</testsuite> <!-- AlertsTesting.AlertAcceptOrCancel -->
