<?xml version="1.0" encoding="UTF-8"?>
<!-- Generated by org.testng.reporters.JUnitReportReporter -->
<testsuite hostname="SaiKiran" failures="0" tests="1" name="widgets.AutoComplete" time="9.236" errors="0" timestamp="2025-05-05T17:51:07 IST" skipped="0">
  <testcase classname="widgets.AutoComplete" name="Download" time="9.236"/>
  <system-out/>
</testsuite> <!-- widgets.AutoComplete -->
