<?xml version="1.0" encoding="UTF-8"?>
<!-- Generated by org.testng.reporters.JUnitReportReporter -->
<testsuite hostname="SaiKiran" failures="0" tests="1" name="CheckBox.CheckBoxTest" time="26.362" errors="0" timestamp="2025-04-23T10:58:32 IST" skipped="0">
  <testcase classname="CheckBox.CheckBoxTest" name="test1" time="26.362"/>
  <system-out/>
</testsuite> <!-- CheckBox.CheckBoxTest -->
