<?xml version="1.0" encoding="UTF-8"?>
<!-- Generated by org.testng.reporters.JUnitReportReporter -->
<testsuite hostname="SaiKiran" failures="0" tests="1" name="Frames.IFrames" time="12.265" errors="0" timestamp="2025-05-04T00:19:16 IST" skipped="0">
  <testcase classname="Frames.IFrames" name="frames" time="12.265"/>
  <system-out>
    <![CDATA[This is a sample page]]>
  </system-out>
</testsuite> <!-- Frames.IFrames -->
