<?xml version="1.0" encoding="UTF-8"?>
<!-- Generated by org.testng.reporters.JUnitReportReporter -->
<testsuite hostname="SaiKiran" failures="0" tests="1" name="WebTables.WebTableTest" time="18.672" errors="0" timestamp="2025-05-07T11:24:44 IST" skipped="0">
  <testcase classname="WebTables.WebTableTest" name="webTablesTest" time="18.672"/>
  <system-out>
    <![CDATA[Firstname = Uchiha,
Lastname = Itachi,
Salary = 45343,
Age = 27
Email = Itachi3423@gmail.com
Department = Testing]]>
  </system-out>
</testsuite> <!-- WebTables.WebTableTest -->
