<?xml version="1.0" encoding="UTF-8"?>
<!-- Generated by org.testng.reporters.JUnitReportReporter -->
<<<<<<< HEAD
<testsuite hostname="SaiKiran" failures="0" tests="1" name="Frames.IFrames" time="13.303" errors="0" timestamp="2025-04-21T12:23:58 IST" skipped="0">
  <testcase classname="Frames.IFrames" name="frames" time="13.303"/>
=======
<testsuite hostname="SaiKiran" failures="0" tests="1" name="Frames.IFrames" time="16.495" errors="0" timestamp="2025-05-02T22:02:40 IST" skipped="0">
  <testcase classname="Frames.IFrames" name="frames" time="16.495"/>
>>>>>>> a78173b (Running TestCase from XML)
  <system-out>
    <![CDATA[This is a sample page]]>
  </system-out>
</testsuite> <!-- Frames.IFrames -->
