<?xml version="1.0" encoding="UTF-8"?>
<!-- Generated by org.testng.reporters.JUnitReportReporter -->
<testsuite hostname="SaiKiran" failures="0" tests="1" name="Frames.NestedFrames" time="18.093" errors="0" timestamp="2025-05-09T13:41:30 IST" skipped="0">
  <testcase classname="Frames.NestedFrames" name="nestedFrames" time="18.093"/>
  <system-out>
    <![CDATA[Child Iframe
Parent frame]]>
  </system-out>
</testsuite> <!-- Frames.NestedFrames -->
