<?xml version="1.0" encoding="UTF-8"?>
<!-- Generated by org.testng.reporters.JUnitReportReporter -->
<testsuite hostname="SaiKiran" failures="0" tests="1" name="ReadDataFromExcel.InputClass" time="0.023" errors="0" timestamp="2025-05-10T12:18:55 IST" skipped="0">
  <testcase classname="ReadDataFromExcel.InputClass" name="flexibleTest" time="0.023"/>
  <system-out/>
</testsuite> <!-- ReadDataFromExcel.InputClass -->
