<?xml version="1.0" encoding="UTF-8"?>
<!-- Generated by org.testng.reporters.JUnitReportReporter -->
<testsuite hostname="SaiKiran" failures="0" tests="1" name="widgets.AutoComplete" time="8.814" errors="0" timestamp="2025-05-09T13:33:23 IST" skipped="0">
  <testcase classname="widgets.AutoComplete" name="Download" time="8.814"/>
  <system-out/>
</testsuite> <!-- widgets.AutoComplete -->
