<?xml version="1.0" encoding="UTF-8"?>
<!-- Generated by org.testng.reporters.JUnitReportReporter -->
<testsuite hostname="SaiKiran" failures="0" tests="1" name="AlertsTesting.AlertAcceptOrCancel" time="44.627" errors="0" timestamp="2025-05-02T23:06:19 IST" skipped="0">
  <testcase classname="AlertsTesting.AlertAcceptOrCancel" name="acceptAlert" time="44.627"/>
  <system-out/>
</testsuite> <!-- AlertsTesting.AlertAcceptOrCancel -->
