<?xml version="1.0" encoding="UTF-8"?>
<!-- Generated by org.testng.reporters.JUnitReportReporter -->
<testsuite hostname="SaiKiran" failures="0" tests="2" name="widgets.Dates" time="20.808" errors="0" timestamp="2025-05-09T13:33:23 IST" skipped="0">
  <testcase classname="widgets.Dates" name="dateAndTimeSection" time="10.924"/>
  <system-out>
    <![CDATA[Year found and clicked]]>
  </system-out>
  <testcase classname="widgets.Dates" name="dateSelection" time="9.884"/>
  <system-out/>
</testsuite> <!-- widgets.Dates -->
